06-30-21  [main] 	Initializing Control Panel
06-30-21  [main] 	Windows Version:  Enterprise  64-bit
06-30-21  [main] 	XAMPP Version: 7.0.9
06-30-21  [main] 	Control Panel Version: 3.2.2  [ Compiled: Nov 12th 2015 ]
06-30-21  [main] 	You are not running with administrator rights! This will work for
06-30-21  [main] 	most application stuff but whenever you do something with services
06-30-21  [main] 	there will be a security dialogue or things will break! So think 
06-30-21  [main] 	about running this application with administrator rights!
06-30-21  [main] 	XAMPP Installation Directory: "c:\mega\portableapps\moodle\server\"
06-30-21  [main] 	Checking for prerequisites
06-30-22  [main] 	All prerequisites found
06-30-22  [main] 	Initializing Modules
06-30-22  [main] 	The FileZilla module is disabled
06-30-22  [main] 	The Mercury module is disabled
06-30-22  [Tomcat] 	Problem detected: Tomcat Not Found!
06-30-22  [Tomcat] 	Disabling Tomcat buttons
06-30-22  [Tomcat] 	Run this program from your XAMPP root directory!
06-30-22  [Tomcat] 	Problem detected: Required Tool catalina_start.bat Not Found!
06-30-22  [Tomcat] 	Problem detected: Required Tool catalina_stop.bat Not Found!
06-30-22  [Tomcat] 	Problem detected: Required Tool catalina_service.bat Not Found!
06-30-22  [Tomcat] 	Problem detected!
06-30-22  [Tomcat] 	Port 8005 in use by "Unable to open process"!
06-30-22  [Tomcat] 	Tomcat WILL NOT start without the configured ports free!
06-30-22  [Tomcat] 	You need to uninstall/disable/reconfigure the blocking application
06-30-22  [Tomcat] 	or reconfigure Tomcat and the Control Panel to listen on a different port
06-30-22  [Tomcat] 	Problem detected!
06-30-22  [Tomcat] 	Port 8080 in use by ""C:\Program Files (x86)\National Instruments\Shared\NI WebServer\ApplicationWebServer.exe" -user"!
06-30-22  [Tomcat] 	Tomcat WILL NOT start without the configured ports free!
06-30-22  [Tomcat] 	You need to uninstall/disable/reconfigure the blocking application
06-30-22  [Tomcat] 	or reconfigure Tomcat and the Control Panel to listen on a different port
06-30-22  [main] 	Starting Check-Timer
06-30-22  [main] 	Control Panel Ready
06-30-39  [Apache] 	Attempting to start Apache app...
06-30-39  [Apache] 	Status change detected: running
06-30-39  [Apache] 	Status change detected: stopped
06-30-39  [Apache] 	Error: Apache shutdown unexpectedly.
06-30-39  [Apache] 	This may be due to a blocked port, missing dependencies, 
06-30-39  [Apache] 	improper privileges, a crash, or a shutdown by another method.
06-30-39  [Apache] 	Press the Logs button to view error logs and check
06-30-39  [Apache] 	the Windows Event Viewer for more clues
06-30-39  [Apache] 	If you need more help, copy and post this
06-30-40  [Apache] 	entire log window on the forums
06-30-41  [mysql] 	Attempting to start MySQL app...
06-30-43  [mysql] 	Status change detected: running
06-30-55  [mysql] 	Attempting to stop MySQL app...
06-30-57  [mysql] 	Status change detected: stopped
07-12-33  [main] 	Deinitializing Modules
07-12-33  [main] 	Deinitializing Control Panel

10-19-08  [main] 	Initializing Control Panel
10-19-08  [main] 	Windows Version:  Enterprise  64-bit
10-19-08  [main] 	XAMPP Version: 7.0.9
10-19-08  [main] 	Control Panel Version: 3.2.2  [ Compiled: Nov 12th 2015 ]
10-19-08  [main] 	You are not running with administrator rights! This will work for
10-19-08  [main] 	most application stuff but whenever you do something with services
10-19-08  [main] 	there will be a security dialogue or things will break! So think 
10-19-08  [main] 	about running this application with administrator rights!
10-19-08  [main] 	XAMPP Installation Directory: "c:\mega\portableapps\moodle\server\"
10-19-08  [main] 	Checking for prerequisites
10-19-10  [main] 	All prerequisites found
10-19-10  [main] 	Initializing Modules
10-19-10  [mysql] 	XAMPP MySQL is already running on port 3306
10-19-10  [main] 	The FileZilla module is disabled
10-19-10  [main] 	The Mercury module is disabled
10-19-10  [Tomcat] 	Problem detected: Tomcat Not Found!
10-19-10  [Tomcat] 	Disabling Tomcat buttons
10-19-10  [Tomcat] 	Run this program from your XAMPP root directory!
10-19-10  [Tomcat] 	Problem detected: Required Tool catalina_start.bat Not Found!
10-19-10  [Tomcat] 	Problem detected: Required Tool catalina_stop.bat Not Found!
10-19-10  [Tomcat] 	Problem detected: Required Tool catalina_service.bat Not Found!
10-19-10  [Tomcat] 	Problem detected!
10-19-10  [Tomcat] 	Port 8005 in use by "Unable to open process"!
10-19-10  [Tomcat] 	Tomcat WILL NOT start without the configured ports free!
10-19-10  [Tomcat] 	You need to uninstall/disable/reconfigure the blocking application
10-19-10  [Tomcat] 	or reconfigure Tomcat and the Control Panel to listen on a different port
10-19-10  [Tomcat] 	Problem detected!
10-19-10  [Tomcat] 	Port 8080 in use by ""C:\Program Files (x86)\National Instruments\Shared\NI WebServer\ApplicationWebServer.exe" -user"!
10-19-10  [Tomcat] 	Tomcat WILL NOT start without the configured ports free!
10-19-10  [Tomcat] 	You need to uninstall/disable/reconfigure the blocking application
10-19-10  [Tomcat] 	or reconfigure Tomcat and the Control Panel to listen on a different port
10-19-10  [main] 	Starting Check-Timer
10-19-10  [main] 	Control Panel Ready
10-19-23  [mysql] 	Attempting to stop MySQL app...
10-19-27  [mysql] 	Status change detected: stopped
10-19-56  [main] 	Deinitializing Modules
10-19-56  [main] 	Deinitializing Control Panel

11-06-26  [main] 	Initializing Control Panel
11-06-26  [main] 	Windows Version:  Enterprise  64-bit
11-06-26  [main] 	XAMPP Version: 7.0.9
11-06-26  [main] 	Control Panel Version: 3.2.2  [ Compiled: Nov 12th 2015 ]
11-06-26  [main] 	You are not running with administrator rights! This will work for
11-06-26  [main] 	most application stuff but whenever you do something with services
11-06-26  [main] 	there will be a security dialogue or things will break! So think 
11-06-26  [main] 	about running this application with administrator rights!
11-06-26  [main] 	XAMPP Installation Directory: "c:\mega\portableapps\moodle\server\"
11-06-26  [main] 	Checking for prerequisites
11-06-26  [main] 	All prerequisites found
11-06-26  [main] 	Initializing Modules
11-06-26  [main] 	The FileZilla module is disabled
11-06-26  [main] 	The Mercury module is disabled
11-06-26  [Tomcat] 	Problem detected: Tomcat Not Found!
11-06-26  [Tomcat] 	Disabling Tomcat buttons
11-06-26  [Tomcat] 	Run this program from your XAMPP root directory!
11-06-26  [Tomcat] 	Problem detected: Required Tool catalina_start.bat Not Found!
11-06-26  [Tomcat] 	Problem detected: Required Tool catalina_stop.bat Not Found!
11-06-26  [Tomcat] 	Problem detected: Required Tool catalina_service.bat Not Found!
11-06-26  [Tomcat] 	Problem detected!
11-06-26  [Tomcat] 	Port 8005 in use by "Unable to open process"!
11-06-26  [Tomcat] 	Tomcat WILL NOT start without the configured ports free!
11-06-26  [Tomcat] 	You need to uninstall/disable/reconfigure the blocking application
11-06-26  [Tomcat] 	or reconfigure Tomcat and the Control Panel to listen on a different port
11-06-26  [Tomcat] 	Problem detected!
11-06-26  [Tomcat] 	Port 8080 in use by ""C:\Program Files (x86)\National Instruments\Shared\NI WebServer\ApplicationWebServer.exe" -user"!
11-06-26  [Tomcat] 	Tomcat WILL NOT start without the configured ports free!
11-06-26  [Tomcat] 	You need to uninstall/disable/reconfigure the blocking application
11-06-26  [Tomcat] 	or reconfigure Tomcat and the Control Panel to listen on a different port
11-06-26  [main] 	Starting Check-Timer
11-06-26  [main] 	Control Panel Ready
11-06-35  [main] 	Deinitializing Modules
11-06-35  [main] 	Deinitializing Control Panel

